2021-12-09 00:06:33,141 INFO org.springframework.orm.jpa.AbstractEntityManagerFactoryBean [Thread-5] Closing JPA EntityManagerFactory for persistence unit 'default'
2021-12-09 00:06:33,143 INFO org.springframework.scheduling.concurrent.ExecutorConfigurationSupport [Thread-5] Shutting down ExecutorService 'applicationTaskExecutor'
2021-12-09 00:06:33,145 INFO com.zaxxer.hikari.HikariDataSource [Thread-5] HikariPool-1 - Shutdown initiated...
2021-12-09 00:06:33,161 INFO com.zaxxer.hikari.HikariDataSource [Thread-5] HikariPool-1 - Shutdown completed.
2021-12-09 00:06:33,313 INFO org.springframework.boot.StartupInfoLogger [restartedMain] Starting Application on richard-ZenBook-UX362FA with PID 6462 (/home/richard/IdeaProjects/DevRep/backend/target/classes started by richard in /home/richard/IdeaProjects/DevRep)
2021-12-09 00:06:33,313 INFO org.springframework.boot.SpringApplication [restartedMain] No active profile set, falling back to default profiles: default
2021-12-09 00:06:33,541 INFO org.springframework.data.repository.config.RepositoryConfigurationDelegate [restartedMain] Bootstrapping Spring Data JPA repositories in DEFERRED mode.
2021-12-09 00:06:33,551 INFO org.springframework.data.repository.config.RepositoryConfigurationDelegate [restartedMain] Finished Spring Data repository scanning in 8ms. Found 1 JPA repository interfaces.
2021-12-09 00:06:33,695 INFO org.springframework.boot.web.embedded.tomcat.TomcatWebServer [restartedMain] Tomcat initialized with port(s): 8080 (http)
2021-12-09 00:06:33,697 INFO org.apache.juli.logging.DirectJDKLog [restartedMain] Initializing ProtocolHandler ["http-nio-8080"]
2021-12-09 00:06:33,697 INFO org.apache.juli.logging.DirectJDKLog [restartedMain] Starting service [Tomcat]
2021-12-09 00:06:33,697 INFO org.apache.juli.logging.DirectJDKLog [restartedMain] Starting Servlet engine: [Apache Tomcat/9.0.37]
2021-12-09 00:06:33,708 INFO org.apache.juli.logging.DirectJDKLog [restartedMain] Initializing Spring embedded WebApplicationContext
2021-12-09 00:06:33,708 INFO org.springframework.boot.web.servlet.context.ServletWebServerApplicationContext [restartedMain] Root WebApplicationContext: initialization completed in 391 ms
2021-12-09 00:06:33,748 INFO org.springframework.scheduling.concurrent.ExecutorConfigurationSupport [restartedMain] Initializing ExecutorService 'applicationTaskExecutor'
2021-12-09 00:06:33,752 INFO org.hibernate.jpa.internal.util.LogHelper [task-1] HHH000204: Processing PersistenceUnitInfo [name: default]
2021-12-09 00:06:33,760 INFO com.zaxxer.hikari.HikariDataSource [task-1] HikariPool-2 - Starting...
2021-12-09 00:06:33,763 INFO com.zaxxer.hikari.HikariDataSource [task-1] HikariPool-2 - Start completed.
2021-12-09 00:06:33,764 INFO org.hibernate.dialect.Dialect [task-1] HHH000400: Using dialect: org.hibernate.dialect.MySQL5InnoDBDialect
2021-12-09 00:06:33,781 WARN org.springframework.boot.autoconfigure.orm.jpa.JpaBaseConfiguration$JpaWebConfiguration [restartedMain] spring.jpa.open-in-view is enabled by default. Therefore, database queries may be performed during view rendering. Explicitly configure spring.jpa.open-in-view to disable this warning
2021-12-09 00:06:33,804 INFO org.hibernate.engine.transaction.jta.platform.internal.JtaPlatformInitiator [task-1] HHH000490: Using JtaPlatform implementation: [org.hibernate.engine.transaction.jta.platform.internal.NoJtaPlatform]
2021-12-09 00:06:33,805 INFO org.springframework.orm.jpa.AbstractEntityManagerFactoryBean [task-1] Initialized JPA EntityManagerFactory for persistence unit 'default'
2021-12-09 00:06:33,818 INFO org.springframework.boot.devtools.autoconfigure.OptionalLiveReloadServer [task-2] LiveReload server is running on port 35729
2021-12-09 00:06:33,822 INFO org.springframework.boot.autoconfigure.security.servlet.UserDetailsServiceAutoConfiguration [restartedMain] 

Using generated security password: a26d17c7-08d8-46a7-8b9b-087ca90c87bf

2021-12-09 00:06:33,829 INFO org.springframework.security.web.DefaultSecurityFilterChain [restartedMain] Creating filter chain: any request, [org.springframework.security.web.context.request.async.WebAsyncManagerIntegrationFilter@55b2e540, org.springframework.security.web.context.SecurityContextPersistenceFilter@1894dd81, org.springframework.security.web.header.HeaderWriterFilter@4842b3b1, org.springframework.security.web.authentication.logout.LogoutFilter@21684472, org.springframework.security.web.authentication.www.BasicAuthenticationFilter@35d86915, org.springframework.security.web.savedrequest.RequestCacheAwareFilter@410ab5c7, org.springframework.security.web.servletapi.SecurityContextHolderAwareRequestFilter@1c88596c, org.springframework.security.web.authentication.AnonymousAuthenticationFilter@7a5dbd46, org.springframework.security.web.session.SessionManagementFilter@61cc4d2b, org.springframework.security.web.access.ExceptionTranslationFilter@7aa47c68, org.springframework.security.web.access.intercept.FilterSecurityInterceptor@169b50a5]
2021-12-09 00:06:33,911 INFO org.apache.juli.logging.DirectJDKLog [restartedMain] Starting ProtocolHandler ["http-nio-8080"]
2021-12-09 00:06:33,912 INFO org.springframework.boot.web.embedded.tomcat.TomcatWebServer [restartedMain] Tomcat started on port(s): 8080 (http) with context path ''
2021-12-09 00:06:33,913 INFO org.springframework.data.repository.config.DeferredRepositoryInitializationListener [restartedMain] Triggering deferred initialization of Spring Data repositories…
2021-12-09 00:06:33,941 INFO org.springframework.data.repository.config.DeferredRepositoryInitializationListener [restartedMain] Spring Data repositories initialized!
2021-12-09 00:06:33,944 INFO org.springframework.boot.StartupInfoLogger [restartedMain] Started Application in 0.673 seconds (JVM running for 1306.402)
2021-12-09 00:06:33,946 INFO org.springframework.boot.devtools.autoconfigure.ConditionEvaluationDeltaLoggingListener [restartedMain] Condition evaluation unchanged
2021-12-09 00:06:44,627 INFO org.springframework.boot.StartupInfoLogger [restartedMain] Starting Application on richard-ZenBook-UX362FA with PID 8633 (/home/richard/IdeaProjects/DevRep/backend/target/classes started by richard in /home/richard/IdeaProjects/DevRep)
2021-12-09 00:06:44,629 INFO org.springframework.boot.SpringApplication [restartedMain] No active profile set, falling back to default profiles: default
2021-12-09 00:06:44,665 INFO org.springframework.boot.logging.DeferredLog [restartedMain] Devtools property defaults active! Set 'spring.devtools.add-properties' to 'false' to disable
2021-12-09 00:06:44,665 INFO org.springframework.boot.logging.DeferredLog [restartedMain] For additional web related logging consider setting the 'logging.level.web' property to 'DEBUG'
2021-12-09 00:06:44,998 WARN org.springframework.context.support.AbstractApplicationContext [restartedMain] Exception encountered during context initialization - cancelling refresh attempt: org.springframework.beans.factory.BeanDefinitionStoreException: Failed to process import candidates for configuration class [org.springframework.boot.devtools.autoconfigure.DevToolsDataSourceAutoConfiguration]; nested exception is java.io.FileNotFoundException: class path resource [org/springframework/boot/autoconfigure/orm/jpa/EntityManagerFactoryDependsOnPostProcessor.class] cannot be opened because it does not exist
2021-12-09 00:06:45,006 INFO org.springframework.boot.autoconfigure.logging.ConditionEvaluationReportLoggingListener [restartedMain] 

Error starting ApplicationContext. To display the conditions report re-run your application with 'debug' enabled.
2021-12-09 00:06:45,014 ERROR org.springframework.boot.SpringApplication [restartedMain] Application run failed
org.springframework.beans.factory.BeanDefinitionStoreException: Failed to process import candidates for configuration class [org.springframework.boot.devtools.autoconfigure.DevToolsDataSourceAutoConfiguration]; nested exception is java.io.FileNotFoundException: class path resource [org/springframework/boot/autoconfigure/orm/jpa/EntityManagerFactoryDependsOnPostProcessor.class] cannot be opened because it does not exist
	at org.springframework.context.annotation.ConfigurationClassParser.processImports(ConfigurationClassParser.java:609)
	at org.springframework.context.annotation.ConfigurationClassParser.doProcessConfigurationClass(ConfigurationClassParser.java:310)
	at org.springframework.context.annotation.ConfigurationClassParser.processConfigurationClass(ConfigurationClassParser.java:249)
	at org.springframework.context.annotation.ConfigurationClassParser.processImports(ConfigurationClassParser.java:599)
	at org.springframework.context.annotation.ConfigurationClassParser.access$800(ConfigurationClassParser.java:110)
	at org.springframework.context.annotation.ConfigurationClassParser$DeferredImportSelectorGroupingHandler.lambda$processGroupImports$1(ConfigurationClassParser.java:811)
	at java.base/java.util.ArrayList.forEach(ArrayList.java:1541)
	at org.springframework.context.annotation.ConfigurationClassParser$DeferredImportSelectorGroupingHandler.processGroupImports(ConfigurationClassParser.java:808)
	at org.springframework.context.annotation.ConfigurationClassParser$DeferredImportSelectorHandler.process(ConfigurationClassParser.java:779)
	at org.springframework.context.annotation.ConfigurationClassParser.parse(ConfigurationClassParser.java:192)
	at org.springframework.context.annotation.ConfigurationClassPostProcessor.processConfigBeanDefinitions(ConfigurationClassPostProcessor.java:319)
	at org.springframework.context.annotation.ConfigurationClassPostProcessor.postProcessBeanDefinitionRegistry(ConfigurationClassPostProcessor.java:236)
	at org.springframework.context.support.PostProcessorRegistrationDelegate.invokeBeanDefinitionRegistryPostProcessors(PostProcessorRegistrationDelegate.java:280)
	at org.springframework.context.support.PostProcessorRegistrationDelegate.invokeBeanFactoryPostProcessors(PostProcessorRegistrationDelegate.java:96)
	at org.springframework.context.support.AbstractApplicationContext.invokeBeanFactoryPostProcessors(AbstractApplicationContext.java:707)
	at org.springframework.context.support.AbstractApplicationContext.refresh(AbstractApplicationContext.java:533)
	at org.springframework.boot.web.servlet.context.ServletWebServerApplicationContext.refresh(ServletWebServerApplicationContext.java:143)
	at org.springframework.boot.SpringApplication.refresh(SpringApplication.java:758)
	at org.springframework.boot.SpringApplication.refresh(SpringApplication.java:750)
	at org.springframework.boot.SpringApplication.refreshContext(SpringApplication.java:397)
	at org.springframework.boot.SpringApplication.run(SpringApplication.java:315)
	at org.springframework.boot.SpringApplication.run(SpringApplication.java:1237)
	at org.springframework.boot.SpringApplication.run(SpringApplication.java:1226)
	at fr.su.devrep.Application.main(Application.java:9)
	at java.base/jdk.internal.reflect.NativeMethodAccessorImpl.invoke0(Native Method)
	at java.base/jdk.internal.reflect.NativeMethodAccessorImpl.invoke(NativeMethodAccessorImpl.java:62)
	at java.base/jdk.internal.reflect.DelegatingMethodAccessorImpl.invoke(DelegatingMethodAccessorImpl.java:43)
	at java.base/java.lang.reflect.Method.invoke(Method.java:566)
	at org.springframework.boot.devtools.restart.RestartLauncher.run(RestartLauncher.java:49)
Caused by: java.io.FileNotFoundException: class path resource [org/springframework/boot/autoconfigure/orm/jpa/EntityManagerFactoryDependsOnPostProcessor.class] cannot be opened because it does not exist
	at org.springframework.core.io.ClassPathResource.getInputStream(ClassPathResource.java:180)
	at org.springframework.core.type.classreading.SimpleMetadataReader.getClassReader(SimpleMetadataReader.java:55)
	at org.springframework.core.type.classreading.SimpleMetadataReader.<init>(SimpleMetadataReader.java:49)
	at org.springframework.core.type.classreading.SimpleMetadataReaderFactory.getMetadataReader(SimpleMetadataReaderFactory.java:103)
	at org.springframework.boot.type.classreading.ConcurrentReferenceCachingMetadataReaderFactory.createMetadataReader(ConcurrentReferenceCachingMetadataReaderFactory.java:86)
	at org.springframework.boot.type.classreading.ConcurrentReferenceCachingMetadataReaderFactory.getMetadataReader(ConcurrentReferenceCachingMetadataReaderFactory.java:73)
	at org.springframework.core.type.classreading.SimpleMetadataReaderFactory.getMetadataReader(SimpleMetadataReaderFactory.java:81)
	at org.springframework.context.annotation.ConfigurationClassParser.asSourceClass(ConfigurationClassParser.java:695)
	at org.springframework.context.annotation.ConfigurationClassParser$SourceClass.getSuperClass(ConfigurationClassParser.java:1009)
	at org.springframework.context.annotation.ConfigurationClassParser.doProcessConfigurationClass(ConfigurationClassParser.java:340)
	at org.springframework.context.annotation.ConfigurationClassParser.processConfigurationClass(ConfigurationClassParser.java:249)
	at org.springframework.context.annotation.ConfigurationClassParser.processImports(ConfigurationClassParser.java:599)
	... 28 common frames omitted
2021-12-09 00:15:05,169 INFO org.springframework.orm.jpa.AbstractEntityManagerFactoryBean [Thread-8] Closing JPA EntityManagerFactory for persistence unit 'default'
2021-12-09 00:15:05,174 INFO org.springframework.scheduling.concurrent.ExecutorConfigurationSupport [Thread-8] Shutting down ExecutorService 'applicationTaskExecutor'
2021-12-09 00:15:05,174 INFO com.zaxxer.hikari.HikariDataSource [Thread-8] HikariPool-2 - Shutdown initiated...
2021-12-09 00:15:05,177 INFO com.zaxxer.hikari.HikariDataSource [Thread-8] HikariPool-2 - Shutdown completed.
2021-12-09 00:15:05,236 INFO org.springframework.boot.StartupInfoLogger [restartedMain] Starting Application on richard-ZenBook-UX362FA with PID 6462 (/home/richard/IdeaProjects/DevRep/backend/target/classes started by richard in /home/richard/IdeaProjects/DevRep)
2021-12-09 00:15:05,237 INFO org.springframework.boot.SpringApplication [restartedMain] No active profile set, falling back to default profiles: default
2021-12-09 00:15:05,364 INFO org.springframework.data.repository.config.RepositoryConfigurationDelegate [restartedMain] Bootstrapping Spring Data JPA repositories in DEFERRED mode.
2021-12-09 00:15:05,369 INFO org.springframework.data.repository.config.RepositoryConfigurationDelegate [restartedMain] Finished Spring Data repository scanning in 4ms. Found 1 JPA repository interfaces.
2021-12-09 00:15:05,459 INFO org.springframework.boot.web.embedded.tomcat.TomcatWebServer [restartedMain] Tomcat initialized with port(s): 8080 (http)
2021-12-09 00:15:05,460 INFO org.apache.juli.logging.DirectJDKLog [restartedMain] Initializing ProtocolHandler ["http-nio-8080"]
2021-12-09 00:15:05,460 INFO org.apache.juli.logging.DirectJDKLog [restartedMain] Starting service [Tomcat]
2021-12-09 00:15:05,461 INFO org.apache.juli.logging.DirectJDKLog [restartedMain] Starting Servlet engine: [Apache Tomcat/9.0.37]
2021-12-09 00:15:05,466 INFO org.apache.juli.logging.DirectJDKLog [restartedMain] Initializing Spring embedded WebApplicationContext
2021-12-09 00:15:05,466 INFO org.springframework.boot.web.servlet.context.ServletWebServerApplicationContext [restartedMain] Root WebApplicationContext: initialization completed in 227 ms
2021-12-09 00:15:05,502 INFO org.springframework.scheduling.concurrent.ExecutorConfigurationSupport [restartedMain] Initializing ExecutorService 'applicationTaskExecutor'
2021-12-09 00:15:05,504 INFO org.hibernate.jpa.internal.util.LogHelper [task-1] HHH000204: Processing PersistenceUnitInfo [name: default]
2021-12-09 00:15:05,510 INFO com.zaxxer.hikari.HikariDataSource [task-1] HikariPool-3 - Starting...
2021-12-09 00:15:05,514 INFO com.zaxxer.hikari.HikariDataSource [task-1] HikariPool-3 - Start completed.
2021-12-09 00:15:05,514 INFO org.hibernate.dialect.Dialect [task-1] HHH000400: Using dialect: org.hibernate.dialect.MySQL5InnoDBDialect
2021-12-09 00:15:05,520 WARN org.springframework.boot.autoconfigure.orm.jpa.JpaBaseConfiguration$JpaWebConfiguration [restartedMain] spring.jpa.open-in-view is enabled by default. Therefore, database queries may be performed during view rendering. Explicitly configure spring.jpa.open-in-view to disable this warning
2021-12-09 00:15:05,535 INFO org.springframework.boot.autoconfigure.security.servlet.UserDetailsServiceAutoConfiguration [restartedMain] 

Using generated security password: 14de9222-ad4d-43fa-8d78-1154ec44b996

2021-12-09 00:15:05,542 INFO org.springframework.security.web.DefaultSecurityFilterChain [restartedMain] Creating filter chain: any request, [org.springframework.security.web.context.request.async.WebAsyncManagerIntegrationFilter@120bb1d2, org.springframework.security.web.context.SecurityContextPersistenceFilter@19333960, org.springframework.security.web.header.HeaderWriterFilter@43fa435b, org.springframework.security.web.authentication.logout.LogoutFilter@29e1d5b5, org.springframework.security.web.authentication.www.BasicAuthenticationFilter@545541ca, org.springframework.security.web.savedrequest.RequestCacheAwareFilter@11cd908b, org.springframework.security.web.servletapi.SecurityContextHolderAwareRequestFilter@bcf972, org.springframework.security.web.authentication.AnonymousAuthenticationFilter@599fe983, org.springframework.security.web.session.SessionManagementFilter@592e045e, org.springframework.security.web.access.ExceptionTranslationFilter@1ad24481, org.springframework.security.web.access.intercept.FilterSecurityInterceptor@bfd427b]
2021-12-09 00:15:05,550 INFO org.hibernate.engine.transaction.jta.platform.internal.JtaPlatformInitiator [task-1] HHH000490: Using JtaPlatform implementation: [org.hibernate.engine.transaction.jta.platform.internal.NoJtaPlatform]
2021-12-09 00:15:05,551 INFO org.springframework.orm.jpa.AbstractEntityManagerFactoryBean [task-1] Initialized JPA EntityManagerFactory for persistence unit 'default'
2021-12-09 00:15:05,583 INFO org.springframework.boot.devtools.autoconfigure.OptionalLiveReloadServer [task-2] LiveReload server is running on port 35729
2021-12-09 00:15:05,628 INFO org.apache.juli.logging.DirectJDKLog [restartedMain] Starting ProtocolHandler ["http-nio-8080"]
2021-12-09 00:15:05,629 INFO org.springframework.boot.web.embedded.tomcat.TomcatWebServer [restartedMain] Tomcat started on port(s): 8080 (http) with context path ''
2021-12-09 00:15:05,630 INFO org.springframework.data.repository.config.DeferredRepositoryInitializationListener [restartedMain] Triggering deferred initialization of Spring Data repositories…
2021-12-09 00:15:05,656 INFO org.springframework.data.repository.config.DeferredRepositoryInitializationListener [restartedMain] Spring Data repositories initialized!
2021-12-09 00:15:05,659 INFO org.springframework.boot.StartupInfoLogger [restartedMain] Started Application in 0.442 seconds (JVM running for 1818.116)
2021-12-09 00:15:05,660 INFO org.springframework.boot.devtools.autoconfigure.ConditionEvaluationDeltaLoggingListener [restartedMain] Condition evaluation unchanged
2021-12-09 00:16:15,517 INFO org.springframework.orm.jpa.AbstractEntityManagerFactoryBean [Thread-13] Closing JPA EntityManagerFactory for persistence unit 'default'
2021-12-09 00:16:15,526 INFO org.springframework.scheduling.concurrent.ExecutorConfigurationSupport [Thread-13] Shutting down ExecutorService 'applicationTaskExecutor'
2021-12-09 00:16:15,527 INFO com.zaxxer.hikari.HikariDataSource [Thread-13] HikariPool-3 - Shutdown initiated...
2021-12-09 00:16:15,537 INFO com.zaxxer.hikari.HikariDataSource [Thread-13] HikariPool-3 - Shutdown completed.
2021-12-09 00:16:15,641 INFO org.springframework.boot.StartupInfoLogger [restartedMain] Starting Application on richard-ZenBook-UX362FA with PID 6462 (/home/richard/IdeaProjects/DevRep/backend/target/classes started by richard in /home/richard/IdeaProjects/DevRep)
2021-12-09 00:16:15,641 INFO org.springframework.boot.SpringApplication [restartedMain] No active profile set, falling back to default profiles: default
2021-12-09 00:16:15,778 INFO org.springframework.data.repository.config.RepositoryConfigurationDelegate [restartedMain] Bootstrapping Spring Data JPA repositories in DEFERRED mode.
2021-12-09 00:16:15,785 INFO org.springframework.data.repository.config.RepositoryConfigurationDelegate [restartedMain] Finished Spring Data repository scanning in 7ms. Found 1 JPA repository interfaces.
2021-12-09 00:16:15,902 INFO org.springframework.boot.web.embedded.tomcat.TomcatWebServer [restartedMain] Tomcat initialized with port(s): 8080 (http)
2021-12-09 00:16:15,902 INFO org.apache.juli.logging.DirectJDKLog [restartedMain] Initializing ProtocolHandler ["http-nio-8080"]
2021-12-09 00:16:15,903 INFO org.apache.juli.logging.DirectJDKLog [restartedMain] Starting service [Tomcat]
2021-12-09 00:16:15,903 INFO org.apache.juli.logging.DirectJDKLog [restartedMain] Starting Servlet engine: [Apache Tomcat/9.0.37]
2021-12-09 00:16:15,911 INFO org.apache.juli.logging.DirectJDKLog [restartedMain] Initializing Spring embedded WebApplicationContext
2021-12-09 00:16:15,911 INFO org.springframework.boot.web.servlet.context.ServletWebServerApplicationContext [restartedMain] Root WebApplicationContext: initialization completed in 267 ms
2021-12-09 00:16:15,945 INFO org.springframework.scheduling.concurrent.ExecutorConfigurationSupport [restartedMain] Initializing ExecutorService 'applicationTaskExecutor'
2021-12-09 00:16:15,947 INFO org.hibernate.jpa.internal.util.LogHelper [task-1] HHH000204: Processing PersistenceUnitInfo [name: default]
2021-12-09 00:16:15,953 INFO com.zaxxer.hikari.HikariDataSource [task-1] HikariPool-4 - Starting...
2021-12-09 00:16:15,956 INFO com.zaxxer.hikari.HikariDataSource [task-1] HikariPool-4 - Start completed.
2021-12-09 00:16:15,956 INFO org.hibernate.dialect.Dialect [task-1] HHH000400: Using dialect: org.hibernate.dialect.MySQL5InnoDBDialect
2021-12-09 00:16:15,961 WARN org.springframework.boot.autoconfigure.orm.jpa.JpaBaseConfiguration$JpaWebConfiguration [restartedMain] spring.jpa.open-in-view is enabled by default. Therefore, database queries may be performed during view rendering. Explicitly configure spring.jpa.open-in-view to disable this warning
2021-12-09 00:16:15,988 INFO org.hibernate.engine.transaction.jta.platform.internal.JtaPlatformInitiator [task-1] HHH000490: Using JtaPlatform implementation: [org.hibernate.engine.transaction.jta.platform.internal.NoJtaPlatform]
2021-12-09 00:16:15,989 INFO org.springframework.orm.jpa.AbstractEntityManagerFactoryBean [task-1] Initialized JPA EntityManagerFactory for persistence unit 'default'
2021-12-09 00:16:16,017 INFO org.springframework.boot.devtools.autoconfigure.OptionalLiveReloadServer [task-2] LiveReload server is running on port 35729
2021-12-09 00:16:16,051 INFO org.springframework.boot.autoconfigure.security.servlet.UserDetailsServiceAutoConfiguration [restartedMain] 

Using generated security password: 703ccfcd-3642-4b17-a18f-b8a85813e24c

2021-12-09 00:16:16,065 INFO org.springframework.security.web.DefaultSecurityFilterChain [restartedMain] Creating filter chain: any request, [org.springframework.security.web.context.request.async.WebAsyncManagerIntegrationFilter@360d597d, org.springframework.security.web.context.SecurityContextPersistenceFilter@80ac0c, org.springframework.security.web.header.HeaderWriterFilter@3c20ddce, org.springframework.security.web.csrf.CsrfFilter@1c07f0b6, org.springframework.security.web.authentication.logout.LogoutFilter@600a3ec0, org.springframework.security.web.authentication.UsernamePasswordAuthenticationFilter@4d55997d, org.springframework.security.web.authentication.ui.DefaultLoginPageGeneratingFilter@4c2766c4, org.springframework.security.web.authentication.ui.DefaultLogoutPageGeneratingFilter@631ff944, org.springframework.security.web.authentication.www.BasicAuthenticationFilter@57f2bc8f, org.springframework.security.web.savedrequest.RequestCacheAwareFilter@5e0efded, org.springframework.security.web.servletapi.SecurityContextHolderAwareRequestFilter@647a954f, org.springframework.security.web.authentication.AnonymousAuthenticationFilter@b3e00e6, org.springframework.security.web.session.SessionManagementFilter@23216a9e, org.springframework.security.web.access.ExceptionTranslationFilter@6db0170, org.springframework.security.web.access.intercept.FilterSecurityInterceptor@4dc486a1]
2021-12-09 00:16:16,078 INFO org.apache.juli.logging.DirectJDKLog [restartedMain] Starting ProtocolHandler ["http-nio-8080"]
2021-12-09 00:16:16,079 INFO org.springframework.boot.web.embedded.tomcat.TomcatWebServer [restartedMain] Tomcat started on port(s): 8080 (http) with context path ''
2021-12-09 00:16:16,080 INFO org.springframework.data.repository.config.DeferredRepositoryInitializationListener [restartedMain] Triggering deferred initialization of Spring Data repositories…
2021-12-09 00:16:16,105 INFO org.springframework.data.repository.config.DeferredRepositoryInitializationListener [restartedMain] Spring Data repositories initialized!
2021-12-09 00:16:16,108 INFO org.springframework.boot.StartupInfoLogger [restartedMain] Started Application in 0.506 seconds (JVM running for 1888.565)
2021-12-09 00:16:16,111 INFO org.springframework.boot.devtools.autoconfigure.ConditionEvaluationDeltaLoggingListener [restartedMain] Condition evaluation delta:


==========================
CONDITION EVALUATION DELTA
==========================


Positive matches:
-----------------

   SpringBootWebSecurityConfiguration matched:
      - @ConditionalOnClass found required class 'org.springframework.security.config.annotation.web.configuration.WebSecurityConfigurerAdapter' (OnClassCondition)
      - found 'session' scope (OnWebApplicationCondition)
      - @ConditionalOnMissingBean (types: org.springframework.security.config.annotation.web.configuration.WebSecurityConfigurerAdapter; SearchStrategy: all) did not find any beans (OnBeanCondition)

   WebSecurityEnablerConfiguration matched:
      - found 'session' scope (OnWebApplicationCondition)
      - @ConditionalOnBean (types: org.springframework.security.config.annotation.web.configuration.WebSecurityConfigurerAdapter; SearchStrategy: all) found bean 'org.springframework.boot.autoconfigure.security.servlet.SpringBootWebSecurityConfiguration$DefaultConfigurerAdapter'; @ConditionalOnMissingBean (names: springSecurityFilterChain; SearchStrategy: all) did not find any beans (OnBeanCondition)


Negative matches:
-----------------

    None


Exclusions:
-----------

    None


Unconditional classes:
----------------------

    None



2021-12-09 00:16:42,686 INFO org.springframework.orm.jpa.AbstractEntityManagerFactoryBean [SpringContextShutdownHook] Closing JPA EntityManagerFactory for persistence unit 'default'
2021-12-09 00:16:42,688 INFO org.springframework.scheduling.concurrent.ExecutorConfigurationSupport [SpringContextShutdownHook] Shutting down ExecutorService 'applicationTaskExecutor'
2021-12-09 00:16:42,689 INFO com.zaxxer.hikari.HikariDataSource [SpringContextShutdownHook] HikariPool-4 - Shutdown initiated...
2021-12-09 00:16:42,699 INFO com.zaxxer.hikari.HikariDataSource [SpringContextShutdownHook] HikariPool-4 - Shutdown completed.
2021-12-09 00:44:04,397 INFO org.springframework.boot.StartupInfoLogger [restartedMain] Starting Application on richard-ZenBook-UX362FA with PID 8056 (/home/richard/IdeaProjects/DevRep/backend/target/classes started by richard in /home/richard/IdeaProjects/DevRep)
2021-12-09 00:44:04,400 INFO org.springframework.boot.SpringApplication [restartedMain] No active profile set, falling back to default profiles: default
2021-12-09 00:44:04,451 ERROR org.springframework.boot.diagnostics.LoggingFailureAnalysisReporter [restartedMain] 

***************************
APPLICATION FAILED TO START
***************************

Description:

An attempt was made to call a method that does not exist. The attempt was made from the following location:

    org.springframework.context.annotation.AnnotatedBeanDefinitionReader.doRegisterBean(AnnotatedBeanDefinitionReader.java:258)

The following method did not exist:

    'void org.springframework.beans.factory.annotation.AnnotatedGenericBeanDefinition.setInstanceSupplier(java.util.function.Supplier)'

The method's class, org.springframework.beans.factory.annotation.AnnotatedGenericBeanDefinition, is available from the following locations:

    jar:file:/home/richard/.m2/repository/org/springframework/spring-beans/4.3.11.RELEASE/spring-beans-4.3.11.RELEASE.jar!/org/springframework/beans/factory/annotation/AnnotatedGenericBeanDefinition.class

The class hierarchy was loaded from the following locations:

    org.springframework.beans.factory.annotation.AnnotatedGenericBeanDefinition: file:/home/richard/.m2/repository/org/springframework/spring-beans/4.3.11.RELEASE/spring-beans-4.3.11.RELEASE.jar
    org.springframework.beans.factory.support.GenericBeanDefinition: file:/home/richard/.m2/repository/org/springframework/spring-beans/4.3.11.RELEASE/spring-beans-4.3.11.RELEASE.jar
    org.springframework.beans.factory.support.AbstractBeanDefinition: file:/home/richard/.m2/repository/org/springframework/spring-beans/4.3.11.RELEASE/spring-beans-4.3.11.RELEASE.jar
    org.springframework.beans.BeanMetadataAttributeAccessor: file:/home/richard/.m2/repository/org/springframework/spring-beans/4.3.11.RELEASE/spring-beans-4.3.11.RELEASE.jar
    org.springframework.core.AttributeAccessorSupport: file:/home/richard/.m2/repository/org/springframework/spring-core/5.2.8.RELEASE/spring-core-5.2.8.RELEASE.jar


Action:

Correct the classpath of your application so that it contains a single, compatible version of org.springframework.beans.factory.annotation.AnnotatedGenericBeanDefinition

2021-12-09 00:44:37,685 INFO org.springframework.boot.StartupInfoLogger [restartedMain] Starting Application on richard-ZenBook-UX362FA with PID 8202 (/home/richard/IdeaProjects/DevRep/backend/target/classes started by richard in /home/richard/IdeaProjects/DevRep)
2021-12-09 00:44:37,688 INFO org.springframework.boot.SpringApplication [restartedMain] No active profile set, falling back to default profiles: default
2021-12-09 00:44:37,741 INFO org.springframework.boot.logging.DeferredLog [restartedMain] Devtools property defaults active! Set 'spring.devtools.add-properties' to 'false' to disable
2021-12-09 00:44:37,742 INFO org.springframework.boot.logging.DeferredLog [restartedMain] For additional web related logging consider setting the 'logging.level.web' property to 'DEBUG'
2021-12-09 00:44:38,298 INFO org.springframework.data.repository.config.RepositoryConfigurationDelegate [restartedMain] Bootstrapping Spring Data JPA repositories in DEFERRED mode.
2021-12-09 00:44:38,366 INFO org.springframework.data.repository.config.RepositoryConfigurationDelegate [restartedMain] Finished Spring Data repository scanning in 61ms. Found 1 JPA repository interfaces.
2021-12-09 00:44:38,762 INFO org.springframework.boot.web.embedded.tomcat.TomcatWebServer [restartedMain] Tomcat initialized with port(s): 8080 (http)
2021-12-09 00:44:38,767 INFO org.apache.juli.logging.DirectJDKLog [restartedMain] Initializing ProtocolHandler ["http-nio-8080"]
2021-12-09 00:44:38,768 INFO org.apache.juli.logging.DirectJDKLog [restartedMain] Starting service [Tomcat]
2021-12-09 00:44:38,768 INFO org.apache.juli.logging.DirectJDKLog [restartedMain] Starting Servlet engine: [Apache Tomcat/9.0.37]
2021-12-09 00:44:38,813 INFO org.apache.juli.logging.DirectJDKLog [restartedMain] Initializing Spring embedded WebApplicationContext
2021-12-09 00:44:38,813 INFO org.springframework.boot.web.servlet.context.ServletWebServerApplicationContext [restartedMain] Root WebApplicationContext: initialization completed in 1071 ms
2021-12-09 00:44:38,931 INFO org.springframework.scheduling.concurrent.ExecutorConfigurationSupport [restartedMain] Initializing ExecutorService 'applicationTaskExecutor'
2021-12-09 00:44:38,958 INFO org.hibernate.jpa.internal.util.LogHelper [task-1] HHH000204: Processing PersistenceUnitInfo [name: default]
2021-12-09 00:44:38,991 WARN org.springframework.boot.autoconfigure.orm.jpa.JpaBaseConfiguration$JpaWebConfiguration [restartedMain] spring.jpa.open-in-view is enabled by default. Therefore, database queries may be performed during view rendering. Explicitly configure spring.jpa.open-in-view to disable this warning
2021-12-09 00:44:39,004 INFO org.hibernate.Version [task-1] HHH000412: Hibernate ORM core version 5.4.20.Final
2021-12-09 00:44:39,044 INFO org.springframework.boot.autoconfigure.security.servlet.UserDetailsServiceAutoConfiguration [restartedMain] 

Using generated security password: 9dab9281-30c0-4925-9f42-44c9431c913b

2021-12-09 00:44:39,106 INFO org.springframework.security.web.DefaultSecurityFilterChain [restartedMain] Creating filter chain: any request, [org.springframework.security.web.context.request.async.WebAsyncManagerIntegrationFilter@51d25164, org.springframework.security.web.context.SecurityContextPersistenceFilter@42639b23, org.springframework.security.web.header.HeaderWriterFilter@40f0d6ec, org.springframework.security.web.authentication.logout.LogoutFilter@36350627, org.springframework.security.web.authentication.www.BasicAuthenticationFilter@45410dcd, org.springframework.security.web.savedrequest.RequestCacheAwareFilter@7c623b54, org.springframework.security.web.servletapi.SecurityContextHolderAwareRequestFilter@297972a7, org.springframework.security.web.authentication.AnonymousAuthenticationFilter@131c7a33, org.springframework.security.web.session.SessionManagementFilter@79eea395, org.springframework.security.web.access.ExceptionTranslationFilter@7d0989ad, org.springframework.security.web.access.intercept.FilterSecurityInterceptor@3f575511]
2021-12-09 00:44:39,120 INFO org.hibernate.annotations.common.reflection.java.JavaReflectionManager [task-1] HCANN000001: Hibernate Commons Annotations {5.1.0.Final}
2021-12-09 00:44:39,183 INFO com.zaxxer.hikari.HikariDataSource [task-1] HikariPool-1 - Starting...
2021-12-09 00:44:39,305 INFO com.zaxxer.hikari.HikariDataSource [task-1] HikariPool-1 - Start completed.
2021-12-09 00:44:39,316 INFO org.hibernate.dialect.Dialect [task-1] HHH000400: Using dialect: org.hibernate.dialect.MySQL5InnoDBDialect
2021-12-09 00:44:39,329 INFO org.springframework.boot.devtools.autoconfigure.OptionalLiveReloadServer [restartedMain] LiveReload server is running on port 35729
2021-12-09 00:44:39,343 INFO org.apache.juli.logging.DirectJDKLog [restartedMain] Starting ProtocolHandler ["http-nio-8080"]
2021-12-09 00:44:39,355 INFO org.springframework.boot.web.embedded.tomcat.TomcatWebServer [restartedMain] Tomcat started on port(s): 8080 (http) with context path ''
2021-12-09 00:44:39,357 INFO org.springframework.data.repository.config.DeferredRepositoryInitializationListener [restartedMain] Triggering deferred initialization of Spring Data repositories…
2021-12-09 00:44:39,672 INFO org.hibernate.engine.transaction.jta.platform.internal.JtaPlatformInitiator [task-1] HHH000490: Using JtaPlatform implementation: [org.hibernate.engine.transaction.jta.platform.internal.NoJtaPlatform]
2021-12-09 00:44:39,676 INFO org.springframework.orm.jpa.AbstractEntityManagerFactoryBean [task-1] Initialized JPA EntityManagerFactory for persistence unit 'default'
2021-12-09 00:44:39,868 INFO org.springframework.data.repository.config.DeferredRepositoryInitializationListener [restartedMain] Spring Data repositories initialized!
2021-12-09 00:44:39,876 INFO org.springframework.boot.StartupInfoLogger [restartedMain] Started Application in 2.414 seconds (JVM running for 3.071)
2021-12-09 00:45:11,933 INFO org.springframework.orm.jpa.AbstractEntityManagerFactoryBean [SpringContextShutdownHook] Closing JPA EntityManagerFactory for persistence unit 'default'
2021-12-09 00:45:11,935 INFO org.springframework.scheduling.concurrent.ExecutorConfigurationSupport [SpringContextShutdownHook] Shutting down ExecutorService 'applicationTaskExecutor'
2021-12-09 00:45:11,937 INFO com.zaxxer.hikari.HikariDataSource [SpringContextShutdownHook] HikariPool-1 - Shutdown initiated...
2021-12-09 00:45:11,945 INFO com.zaxxer.hikari.HikariDataSource [SpringContextShutdownHook] HikariPool-1 - Shutdown completed.
2021-12-09 00:45:14,457 INFO org.springframework.boot.StartupInfoLogger [restartedMain] Starting Application on richard-ZenBook-UX362FA with PID 8441 (/home/richard/IdeaProjects/DevRep/backend/target/classes started by richard in /home/richard/IdeaProjects/DevRep)
2021-12-09 00:45:14,460 INFO org.springframework.boot.SpringApplication [restartedMain] No active profile set, falling back to default profiles: default
2021-12-09 00:45:14,510 INFO org.springframework.boot.logging.DeferredLog [restartedMain] Devtools property defaults active! Set 'spring.devtools.add-properties' to 'false' to disable
2021-12-09 00:45:14,511 INFO org.springframework.boot.logging.DeferredLog [restartedMain] For additional web related logging consider setting the 'logging.level.web' property to 'DEBUG'
2021-12-09 00:45:15,196 INFO org.springframework.data.repository.config.RepositoryConfigurationDelegate [restartedMain] Bootstrapping Spring Data JPA repositories in DEFERRED mode.
2021-12-09 00:45:15,242 INFO org.springframework.data.repository.config.RepositoryConfigurationDelegate [restartedMain] Finished Spring Data repository scanning in 41ms. Found 1 JPA repository interfaces.
2021-12-09 00:45:15,577 INFO org.springframework.boot.web.embedded.tomcat.TomcatWebServer [restartedMain] Tomcat initialized with port(s): 8080 (http)
2021-12-09 00:45:15,583 INFO org.apache.juli.logging.DirectJDKLog [restartedMain] Initializing ProtocolHandler ["http-nio-8080"]
2021-12-09 00:45:15,583 INFO org.apache.juli.logging.DirectJDKLog [restartedMain] Starting service [Tomcat]
2021-12-09 00:45:15,583 INFO org.apache.juli.logging.DirectJDKLog [restartedMain] Starting Servlet engine: [Apache Tomcat/9.0.37]
2021-12-09 00:45:15,627 INFO org.apache.juli.logging.DirectJDKLog [restartedMain] Initializing Spring embedded WebApplicationContext
2021-12-09 00:45:15,627 INFO org.springframework.boot.web.servlet.context.ServletWebServerApplicationContext [restartedMain] Root WebApplicationContext: initialization completed in 1116 ms
2021-12-09 00:45:15,728 INFO org.springframework.scheduling.concurrent.ExecutorConfigurationSupport [restartedMain] Initializing ExecutorService 'applicationTaskExecutor'
2021-12-09 00:45:15,748 INFO org.hibernate.jpa.internal.util.LogHelper [task-1] HHH000204: Processing PersistenceUnitInfo [name: default]
2021-12-09 00:45:15,772 INFO org.hibernate.Version [task-1] HHH000412: Hibernate ORM core version 5.4.20.Final
2021-12-09 00:45:15,774 WARN org.springframework.boot.autoconfigure.orm.jpa.JpaBaseConfiguration$JpaWebConfiguration [restartedMain] spring.jpa.open-in-view is enabled by default. Therefore, database queries may be performed during view rendering. Explicitly configure spring.jpa.open-in-view to disable this warning
2021-12-09 00:45:15,825 INFO org.springframework.boot.autoconfigure.security.servlet.UserDetailsServiceAutoConfiguration [restartedMain] 

Using generated security password: 61279116-a4be-47cd-ae23-bca1c87a4730

2021-12-09 00:45:15,836 INFO org.hibernate.annotations.common.reflection.java.JavaReflectionManager [task-1] HCANN000001: Hibernate Commons Annotations {5.1.0.Final}
2021-12-09 00:45:15,870 INFO org.springframework.security.web.DefaultSecurityFilterChain [restartedMain] Creating filter chain: any request, [org.springframework.security.web.context.request.async.WebAsyncManagerIntegrationFilter@4df85cb0, org.springframework.security.web.context.SecurityContextPersistenceFilter@3ff6d7ca, org.springframework.security.web.header.HeaderWriterFilter@7a987ff7, org.springframework.security.web.authentication.logout.LogoutFilter@5a708844, org.springframework.security.web.authentication.www.BasicAuthenticationFilter@5def003b, org.springframework.security.web.savedrequest.RequestCacheAwareFilter@2cc6769f, org.springframework.security.web.servletapi.SecurityContextHolderAwareRequestFilter@31acce6b, org.springframework.security.web.authentication.AnonymousAuthenticationFilter@46730187, org.springframework.security.web.session.SessionManagementFilter@63c34d30, org.springframework.security.web.access.ExceptionTranslationFilter@70ca6b12, org.springframework.security.web.access.intercept.FilterSecurityInterceptor@3c427c7b]
2021-12-09 00:45:15,886 INFO com.zaxxer.hikari.HikariDataSource [task-1] HikariPool-1 - Starting...
2021-12-09 00:45:15,983 INFO com.zaxxer.hikari.HikariDataSource [task-1] HikariPool-1 - Start completed.
2021-12-09 00:45:15,991 INFO org.hibernate.dialect.Dialect [task-1] HHH000400: Using dialect: org.hibernate.dialect.MySQL5InnoDBDialect
2021-12-09 00:45:16,085 INFO org.springframework.boot.devtools.autoconfigure.OptionalLiveReloadServer [restartedMain] LiveReload server is running on port 35729
2021-12-09 00:45:16,105 INFO org.apache.juli.logging.DirectJDKLog [restartedMain] Starting ProtocolHandler ["http-nio-8080"]
2021-12-09 00:45:16,117 INFO org.springframework.boot.web.embedded.tomcat.TomcatWebServer [restartedMain] Tomcat started on port(s): 8080 (http) with context path ''
2021-12-09 00:45:16,119 INFO org.springframework.data.repository.config.DeferredRepositoryInitializationListener [restartedMain] Triggering deferred initialization of Spring Data repositories…
2021-12-09 00:45:16,317 INFO org.hibernate.engine.transaction.jta.platform.internal.JtaPlatformInitiator [task-1] HHH000490: Using JtaPlatform implementation: [org.hibernate.engine.transaction.jta.platform.internal.NoJtaPlatform]
2021-12-09 00:45:16,320 INFO org.springframework.orm.jpa.AbstractEntityManagerFactoryBean [task-1] Initialized JPA EntityManagerFactory for persistence unit 'default'
2021-12-09 00:45:16,481 INFO org.springframework.data.repository.config.DeferredRepositoryInitializationListener [restartedMain] Spring Data repositories initialized!
2021-12-09 00:45:16,488 INFO org.springframework.boot.StartupInfoLogger [restartedMain] Started Application in 2.279 seconds (JVM running for 2.938)
2021-12-09 00:54:26,355 INFO org.springframework.boot.StartupInfoLogger [restartedMain] Starting Application on MBPdeMarguerite with PID 25910 (/Users/margueritebenidir/IdeaProjects/DevRep/backend/target/classes started by margueritebenidir in /Users/margueritebenidir/IdeaProjects/DevRep)
2021-12-09 00:54:26,358 INFO org.springframework.boot.SpringApplication [restartedMain] No active profile set, falling back to default profiles: default
2021-12-09 00:54:26,401 INFO org.springframework.boot.logging.DeferredLog [restartedMain] Devtools property defaults active! Set 'spring.devtools.add-properties' to 'false' to disable
2021-12-09 00:54:26,401 INFO org.springframework.boot.logging.DeferredLog [restartedMain] For additional web related logging consider setting the 'logging.level.web' property to 'DEBUG'
2021-12-09 00:54:27,070 INFO org.springframework.data.repository.config.RepositoryConfigurationDelegate [restartedMain] Bootstrapping Spring Data JPA repositories in DEFERRED mode.
2021-12-09 00:54:27,138 INFO org.springframework.data.repository.config.RepositoryConfigurationDelegate [restartedMain] Finished Spring Data repository scanning in 57ms. Found 1 JPA repository interfaces.
2021-12-09 00:54:27,728 INFO org.springframework.boot.web.embedded.tomcat.TomcatWebServer [restartedMain] Tomcat initialized with port(s): 8080 (http)
2021-12-09 00:54:27,742 INFO org.apache.juli.logging.DirectJDKLog [restartedMain] Initializing ProtocolHandler ["http-nio-8080"]
2021-12-09 00:54:27,742 INFO org.apache.juli.logging.DirectJDKLog [restartedMain] Starting service [Tomcat]
2021-12-09 00:54:27,743 INFO org.apache.juli.logging.DirectJDKLog [restartedMain] Starting Servlet engine: [Apache Tomcat/9.0.37]
2021-12-09 00:54:27,830 INFO org.apache.juli.logging.DirectJDKLog [restartedMain] Initializing Spring embedded WebApplicationContext
2021-12-09 00:54:27,830 INFO org.springframework.boot.web.servlet.context.ServletWebServerApplicationContext [restartedMain] Root WebApplicationContext: initialization completed in 1429 ms
2021-12-09 00:54:28,020 INFO org.springframework.scheduling.concurrent.ExecutorConfigurationSupport [restartedMain] Initializing ExecutorService 'applicationTaskExecutor'
2021-12-09 00:54:28,061 INFO org.hibernate.jpa.internal.util.LogHelper [task-1] HHH000204: Processing PersistenceUnitInfo [name: default]
2021-12-09 00:54:28,100 WARN org.springframework.boot.autoconfigure.orm.jpa.JpaBaseConfiguration$JpaWebConfiguration [restartedMain] spring.jpa.open-in-view is enabled by default. Therefore, database queries may be performed during view rendering. Explicitly configure spring.jpa.open-in-view to disable this warning
2021-12-09 00:54:28,116 INFO org.hibernate.Version [task-1] HHH000412: Hibernate ORM core version 5.4.20.Final
2021-12-09 00:54:28,164 INFO org.springframework.boot.autoconfigure.security.servlet.UserDetailsServiceAutoConfiguration [restartedMain] 

Using generated security password: 34d5527c-89d4-4258-b021-524491e9ae7d

2021-12-09 00:54:28,250 INFO org.springframework.security.web.DefaultSecurityFilterChain [restartedMain] Creating filter chain: any request, [org.springframework.security.web.context.request.async.WebAsyncManagerIntegrationFilter@4ea2476d, org.springframework.security.web.context.SecurityContextPersistenceFilter@2dbde40, org.springframework.security.web.header.HeaderWriterFilter@69901045, org.springframework.security.web.authentication.logout.LogoutFilter@13996c32, org.springframework.security.web.authentication.www.BasicAuthenticationFilter@2070ab5d, org.springframework.security.web.savedrequest.RequestCacheAwareFilter@7b4c6451, org.springframework.security.web.servletapi.SecurityContextHolderAwareRequestFilter@6260f9c6, org.springframework.security.web.authentication.AnonymousAuthenticationFilter@3d8f8231, org.springframework.security.web.session.SessionManagementFilter@25695a63, org.springframework.security.web.access.ExceptionTranslationFilter@212a3d93, org.springframework.security.web.access.intercept.FilterSecurityInterceptor@563bf934]
2021-12-09 00:54:28,272 INFO org.hibernate.annotations.common.reflection.java.JavaReflectionManager [task-1] HCANN000001: Hibernate Commons Annotations {5.1.0.Final}
2021-12-09 00:54:28,378 INFO com.zaxxer.hikari.HikariDataSource [task-1] HikariPool-1 - Starting...
2021-12-09 00:54:28,526 INFO com.zaxxer.hikari.HikariDataSource [task-1] HikariPool-1 - Start completed.
2021-12-09 00:54:28,548 INFO org.hibernate.dialect.Dialect [task-1] HHH000400: Using dialect: org.hibernate.dialect.MySQL5InnoDBDialect
2021-12-09 00:54:28,556 INFO org.springframework.boot.devtools.autoconfigure.OptionalLiveReloadServer [restartedMain] LiveReload server is running on port 35729
2021-12-09 00:54:28,573 INFO org.apache.juli.logging.DirectJDKLog [restartedMain] Starting ProtocolHandler ["http-nio-8080"]
2021-12-09 00:54:28,601 INFO org.springframework.boot.web.embedded.tomcat.TomcatWebServer [restartedMain] Tomcat started on port(s): 8080 (http) with context path ''
2021-12-09 00:54:28,602 INFO org.springframework.data.repository.config.DeferredRepositoryInitializationListener [restartedMain] Triggering deferred initialization of Spring Data repositories…
2021-12-09 00:54:29,147 INFO org.hibernate.engine.transaction.jta.platform.internal.JtaPlatformInitiator [task-1] HHH000490: Using JtaPlatform implementation: [org.hibernate.engine.transaction.jta.platform.internal.NoJtaPlatform]
2021-12-09 00:54:29,155 INFO org.springframework.orm.jpa.AbstractEntityManagerFactoryBean [task-1] Initialized JPA EntityManagerFactory for persistence unit 'default'
2021-12-09 00:54:29,449 INFO org.springframework.data.repository.config.DeferredRepositoryInitializationListener [restartedMain] Spring Data repositories initialized!
2021-12-09 00:54:29,458 INFO org.springframework.boot.StartupInfoLogger [restartedMain] Started Application in 3.507 seconds (JVM running for 4.453)
2021-12-09 00:56:11,782 INFO org.springframework.orm.jpa.AbstractEntityManagerFactoryBean [Thread-5] Closing JPA EntityManagerFactory for persistence unit 'default'
2021-12-09 00:56:11,786 INFO org.springframework.scheduling.concurrent.ExecutorConfigurationSupport [Thread-5] Shutting down ExecutorService 'applicationTaskExecutor'
2021-12-09 00:56:11,788 INFO com.zaxxer.hikari.HikariDataSource [Thread-5] HikariPool-1 - Shutdown initiated...
2021-12-09 00:56:11,799 INFO com.zaxxer.hikari.HikariDataSource [Thread-5] HikariPool-1 - Shutdown completed.
